<?xml version="1.0" encoding="UTF-8"?>
<!-- Generated by org.testng.reporters.JUnitXMLReporter -->
<testsuite ignored="0" hostname="LAPTOP-MPKBEIQK" failures="0" tests="5" name="Test" time="54.442" errors="0" timestamp="2026-05-23T19:05:04 IST">
  <testcase classname="TestClass.LogInTest" name="verifyLogin" time="3.644"/>
  <testcase classname="TestClass.CreateNewAppoinmentTest" name="CreateAppoinment" time="3.6"/>
  <testcase classname="TestClass.CreateNewAppoinmentTest" name="CreateAppoinment" time="3.523"/>
  <testcase classname="TestClass.BookAppoinmentTest" name="verifyAppointmentDate" time="3.109"/>
  <testcase classname="TestClass.LogOutTest" name="verifyLogOut" time="2.487"/>
</testsuite> <!-- Test -->
