<?xml version="1.0" encoding="UTF-8"?>
<!-- Generated by org.testng.reporters.JUnitXMLReporter -->
<testsuite ignored="6" hostname="LAPTOP-MPKBEIQK" failures="0" tests="5" name="Test" time="54.208" errors="0" timestamp="2026-05-24T16:41:38 IST">
  <testcase classname="TestClass.LogInTest" name="verifyLogin" time="4.113"/>
  <testcase classname="TestClass.CreateNewAppoinmentTest" name="CreateAppoinment" time="3.953"/>
  <testcase classname="TestClass.CreateNewAppoinmentTest" name="CreateAppoinment" time="3.333"/>
  <testcase classname="TestClass.BookAppoinmentTest" name="verifyAppointmentDate" time="3.71"/>
  <testcase classname="TestClass.LogOutTest" name="verifyLogOut" time="2.142"/>
  <testcase classname="utilities.BaseClass" name="@BeforeSuite setupReport" time="0.0">
    <ignored/>
  </testcase> <!-- @BeforeSuite setupReport -->
  <testcase classname="utilities.BaseClass" name="@AfterSuite flushReport" time="0.0">
    <ignored/>
  </testcase> <!-- @AfterSuite flushReport -->
  <testcase classname="utilities.BaseClass" name="@AfterSuite flushReport" time="0.0">
    <ignored/>
  </testcase> <!-- @AfterSuite flushReport -->
  <testcase classname="utilities.BaseClass" name="@BeforeSuite setupReport" time="0.0">
    <ignored/>
  </testcase> <!-- @BeforeSuite setupReport -->
  <testcase classname="utilities.BaseClass" name="@BeforeSuite setupReport" time="0.0">
    <ignored/>
  </testcase> <!-- @BeforeSuite setupReport -->
  <testcase classname="utilities.BaseClass" name="@AfterSuite flushReport" time="0.0">
    <ignored/>
  </testcase> <!-- @AfterSuite flushReport -->
</testsuite> <!-- Test -->
