<?xml version="1.0" encoding="UTF-8"?>
<!-- Generated by org.testng.reporters.JUnitReportReporter -->
<testsuite hostname="LAPTOP-MPKBEIQK" failures="0" tests="1" name="TestClass.BookAppoinmentTest" time="10.779" errors="0" timestamp="2026-05-24T16:41:39 IST" skipped="0">
  <testcase classname="TestClass.BookAppoinmentTest" name="verifyAppointmentDate" time="10.779"/>
  <system-out>
    <![CDATA[Opening browser for test Execution
******** Test Case Successful ----> verifyAppointmentDate]]>
  </system-out>
</testsuite> <!-- TestClass.BookAppoinmentTest -->
