<?xml version="1.0" encoding="UTF-8"?>
<!-- Generated by org.testng.reporters.JUnitReportReporter -->
<testsuite hostname="LAPTOP-MPKBEIQK" failures="0" tests="1" name="TestClass.BookAppoinmentTest" time="10.368" errors="0" timestamp="2026-05-23T19:05:04 IST" skipped="0">
  <testcase classname="TestClass.BookAppoinmentTest" name="verifyAppointmentDate" time="10.368"/>
  <system-out>
    <![CDATA[Opening browser for text Exexution
******** Test Case Successful ----> verifyAppointmentDate]]>
  </system-out>
</testsuite> <!-- TestClass.BookAppoinmentTest -->
