<?xml version="1.0" encoding="UTF-8"?>
<!-- Generated by org.testng.reporters.JUnitReportReporter -->
<testsuite hostname="LAPTOP-MPKBEIQK" failures="0" tests="1" name="TestClass.LogOutTest" time="8.841" errors="0" timestamp="2026-05-24T16:41:39 IST" skipped="0">
  <testcase classname="TestClass.LogOutTest" name="verifyLogOut" time="8.841"/>
  <system-out>
    <![CDATA[Opening browser for test Execution
******** Test Case Successful ----> verifyLogOut]]>
  </system-out>
</testsuite> <!-- TestClass.LogOutTest -->
