<?xml version="1.0" encoding="UTF-8"?>
<!-- Generated by org.testng.reporters.JUnitReportReporter -->
<testsuite hostname="LAPTOP-MPKBEIQK" failures="0" tests="1" name="TestClass.LogOutTest" time="9.576" errors="0" timestamp="2026-05-23T19:05:04 IST" skipped="0">
  <testcase classname="TestClass.LogOutTest" name="verifyLogOut" time="9.576"/>
  <system-out>
    <![CDATA[Opening browser for text Exexution
******** Test Case Successful ----> verifyLogOut]]>
  </system-out>
</testsuite> <!-- TestClass.LogOutTest -->
