<?xml version="1.0" encoding="UTF-8"?>
<!-- Generated by org.testng.reporters.JUnitReportReporter -->
<testsuite hostname="LAPTOP-MPKBEIQK" failures="0" tests="2" name="TestClass.CreateNewAppoinmentTest" time="20.944" errors="0" timestamp="2026-05-23T19:05:04 IST" skipped="0">
  <testcase classname="TestClass.CreateNewAppoinmentTest" name="CreateAppoinment" time="10.680"/>
  <system-out>
    <![CDATA[Opening browser for text Exexution
******** Test Case Successful ----> CreateAppoinment]]>
  </system-out>
  <testcase classname="TestClass.CreateNewAppoinmentTest" name="CreateAppoinment" time="10.264"/>
  <system-out>
    <![CDATA[Opening browser for text Exexution
******** Test Case Successful ----> CreateAppoinment]]>
  </system-out>
</testsuite> <!-- TestClass.CreateNewAppoinmentTest -->
