<?xml version="1.0" encoding="UTF-8"?>
<!-- Generated by org.testng.reporters.JUnitReportReporter -->
<testsuite hostname="LAPTOP-MPKBEIQK" failures="0" tests="2" name="TestClass.CreateNewAppoinmentTest" time="21.501" errors="0" timestamp="2026-05-24T16:41:39 IST" skipped="0">
  <testcase classname="TestClass.CreateNewAppoinmentTest" name="CreateAppoinment" time="10.979"/>
  <system-out>
    <![CDATA[Opening browser for test Execution
******** Test Case Successful ----> CreateAppoinment]]>
  </system-out>
  <testcase classname="TestClass.CreateNewAppoinmentTest" name="CreateAppoinment" time="10.522"/>
  <system-out>
    <![CDATA[Opening browser for test Execution
******** Test Case Successful ----> CreateAppoinment]]>
  </system-out>
</testsuite> <!-- TestClass.CreateNewAppoinmentTest -->
