<?xml version="1.0" encoding="UTF-8"?>
<!-- Generated by org.testng.reporters.JUnitReportReporter -->
<testsuite hostname="LAPTOP-MPKBEIQK" failures="0" tests="1" name="TestClass.LogInTest" time="12.659" errors="0" timestamp="2026-05-24T17:58:18 IST" skipped="0">
  <testcase classname="TestClass.LogInTest" name="verifyLogin" time="12.659"/>
  <system-out>
    <![CDATA[Opening browser for test Execution
******** Test Case Successful ----> verifyLogin]]>
  </system-out>
</testsuite> <!-- TestClass.LogInTest -->
